<?xml version="1.0" encoding="UTF-8"?>
<testsuite xmlns:xsi="http://www.w3.org/2001/XMLSchema-instance" xsi:noNamespaceSchemaLocation="https://maven.apache.org/surefire/maven-surefire-plugin/xsd/surefire-test-report.xsd" name="org.example.MainTest" time="1.338" tests="5" errors="0" skipped="0" failures="0">
  <properties>
[...]
</properties>
  <testcase name="testArea" classname="org.example.MainTest" time="0.018"/>
  <testcase name="testIsCatPlaying" classname="org.example.MainTest" time="0"/>
  <testcase name="testShouldWakeUp" classname="org.example.MainTest" time="0.001"/>
  <testcase name="testSingleArea" classname="org.example.MainTest" time="0"/>
  <testcase name="hasTeenTest" classname="org.example.MainTest" time="0"/>
</testsuite>suite>